<?xml version="1.0" encoding="UTF-8"?>
<!-- Generated by org.testng.reporters.JUnitReportReporter -->
<testsuite skipped="0" hostname="LAPTOP-J59T0KKM" name="runner.Runner" tests="2" failures="0" timestamp="19 Apr 2020 15:04:34 GMT" time="24.037" errors="0">
  <testcase name="runScenario" time="11.568" classname="runner.Runner"/>
  <testcase name="runScenario" time="12.469" classname="runner.Runner"/>
</testsuite> <!-- runner.Runner -->
