<?xml version="1.0" encoding="UTF-8"?>
<!-- Generated by org.testng.reporters.JUnitReportReporter -->
<testsuite skipped="0" hostname="LAPTOP-J59T0KKM" name="runner.Runner" tests="2" failures="0" timestamp="19 Apr 2020 15:07:59 GMT" time="18.198" errors="0">
  <testcase name="runScenario" time="9.487" classname="runner.Runner"/>
  <testcase name="runScenario" time="8.711" classname="runner.Runner"/>
</testsuite> <!-- runner.Runner -->
