<?xml version="1.0" encoding="UTF-8"?>
<!-- Generated by org.testng.reporters.JUnitReportReporter -->
<testsuite skipped="0" hostname="LAPTOP-J59T0KKM" name="runner.Runner" tests="2" failures="0" timestamp="19 Apr 2020 17:49:08 GMT" time="17.901" errors="0">
  <testcase name="runScenario" time="8.732" classname="runner.Runner"/>
  <testcase name="runScenario" time="9.169" classname="runner.Runner"/>
</testsuite> <!-- runner.Runner -->
