<?xml version="1.0" encoding="UTF-8"?>
<!-- Generated by org.testng.reporters.JUnitReportReporter -->
<testsuite skipped="0" hostname="LAPTOP-J59T0KKM" name="runner.Runner" tests="2" failures="0" timestamp="19 Apr 2020 12:25:20 GMT" time="26.314" errors="0">
  <testcase name="runScenario" time="11.811" classname="runner.Runner"/>
  <testcase name="runScenario" time="14.503" classname="runner.Runner"/>
</testsuite> <!-- runner.Runner -->
